<?xml version="1.0" encoding="UTF-8"?>
<testsuite xmlns:xsi="http://www.w3.org/2001/XMLSchema-instance" xsi:noNamespaceSchemaLocation="https://maven.apache.org/surefire/maven-surefire-plugin/xsd/surefire-test-report.xsd" name="it.unicam.cs.asdl1920.mp3.AllLCSsSolverTest" time="0.129" tests="5" errors="2" skipped="0" failures="3">
  <properties>
[...]
</properties>
  <testcase name="testLengthOfSolutions2" classname="it.unicam.cs.asdl1920.mp3.AllLCSsSolverTest" time="0.088">
    <failure message="expected: &lt;true&gt; but was: &lt;false&gt;" type="org.opentest4j.AssertionFailedError"><![CDATA[org.opentest4j.AssertionFailedError: expected: <true> but was: <false>
	at it.unicam.cs.asdl1920.mp3.AllLCSsSolverTest.testLengthOfSolutions2(AllLCSsSolverTest.java:83)
]]></failure>
  </testcase>
  <testcase name="testGetLengthOfSolutions1" classname="it.unicam.cs.asdl1920.mp3.AllLCSsSolverTest" time="0.003">
    <failure message="expected: &lt;true&gt; but was: &lt;false&gt;" type="org.opentest4j.AssertionFailedError"><![CDATA[org.opentest4j.AssertionFailedError: expected: <true> but was: <false>
	at it.unicam.cs.asdl1920.mp3.AllLCSsSolverTest.testGetLengthOfSolutions1(AllLCSsSolverTest.java:26)
]]></failure>
  </testcase>
  <testcase name="testGetSolutions1" classname="it.unicam.cs.asdl1920.mp3.AllLCSsSolverTest" time="0.004">
    <error type="java.lang.NullPointerException">java.lang.NullPointerException
	at it.unicam.cs.asdl1920.mp3.AllLCSsSolverTest.testGetSolutions1(AllLCSsSolverTest.java:46)
</error>
  </testcase>
  <testcase name="testGetSolutions2" classname="it.unicam.cs.asdl1920.mp3.AllLCSsSolverTest" time="0.007">
    <error type="java.lang.NullPointerException">java.lang.NullPointerException
	at it.unicam.cs.asdl1920.mp3.AllLCSsSolverTest.testGetSolutions2(AllLCSsSolverTest.java:94)
</error>
  </testcase>
  <testcase name="testCheckLCSs" classname="it.unicam.cs.asdl1920.mp3.AllLCSsSolverTest" time="0.006">
    <failure message="expected: &lt;true&gt; but was: &lt;false&gt;" type="org.opentest4j.AssertionFailedError"><![CDATA[org.opentest4j.AssertionFailedError: expected: <true> but was: <false>
	at it.unicam.cs.asdl1920.mp3.AllLCSsSolverTest.testCheckLCSs(AllLCSsSolverTest.java:129)
]]></failure>
  </testcase>
</testsuite>