<?xml version="1.0" encoding="UTF-8"?>
<testsuite xmlns:xsi="http://www.w3.org/2001/XMLSchema-instance" xsi:noNamespaceSchemaLocation="https://maven.apache.org/surefire/maven-surefire-plugin/xsd/surefire-test-report.xsd" name="it.unicam.cs.asdl1920.mp3.LCSSolverTest" time="0.073" tests="11" errors="2" skipped="0" failures="7">
  <properties>
[...]
</properties>
  <testcase name="testLCSSolver" classname="it.unicam.cs.asdl1920.mp3.LCSSolverTest" time="0.009">
    <failure message="Expected java.lang.NullPointerException to be thrown, but nothing was thrown." type="org.opentest4j.AssertionFailedError">org.opentest4j.AssertionFailedError: Expected java.lang.NullPointerException to be thrown, but nothing was thrown.
	at it.unicam.cs.asdl1920.mp3.LCSSolverTest.testLCSSolver(LCSSolverTest.java:30)
</failure>
  </testcase>
  <testcase name="testGetX" classname="it.unicam.cs.asdl1920.mp3.LCSSolverTest" time="0.005"/>
  <testcase name="testGetY" classname="it.unicam.cs.asdl1920.mp3.LCSSolverTest" time="0.001"/>
  <testcase name="testEqualsObject" classname="it.unicam.cs.asdl1920.mp3.LCSSolverTest" time="0.002">
    <failure message="expected: &lt;true&gt; but was: &lt;false&gt;" type="org.opentest4j.AssertionFailedError"><![CDATA[org.opentest4j.AssertionFailedError: expected: <true> but was: <false>
	at it.unicam.cs.asdl1920.mp3.LCSSolverTest.testEqualsObject(LCSSolverTest.java:54)
]]></failure>
  </testcase>
  <testcase name="testIsSolved" classname="it.unicam.cs.asdl1920.mp3.LCSSolverTest" time="0.003">
    <failure message="expected: &lt;true&gt; but was: &lt;false&gt;" type="org.opentest4j.AssertionFailedError"><![CDATA[org.opentest4j.AssertionFailedError: expected: <true> but was: <false>
	at it.unicam.cs.asdl1920.mp3.LCSSolverTest.testIsSolved(LCSSolverTest.java:69)
]]></failure>
  </testcase>
  <testcase name="testGetLengthOfSolution1" classname="it.unicam.cs.asdl1920.mp3.LCSSolverTest" time="0.007">
    <failure message="expected: &lt;true&gt; but was: &lt;false&gt;" type="org.opentest4j.AssertionFailedError"><![CDATA[org.opentest4j.AssertionFailedError: expected: <true> but was: <false>
	at it.unicam.cs.asdl1920.mp3.LCSSolverTest.testGetLengthOfSolution1(LCSSolverTest.java:76)
]]></failure>
  </testcase>
  <testcase name="testGetLengthOfSolution2" classname="it.unicam.cs.asdl1920.mp3.LCSSolverTest" time="0.012">
    <failure message="expected: &lt;true&gt; but was: &lt;false&gt;" type="org.opentest4j.AssertionFailedError"><![CDATA[org.opentest4j.AssertionFailedError: expected: <true> but was: <false>
	at it.unicam.cs.asdl1920.mp3.LCSSolverTest.testGetLengthOfSolution2(LCSSolverTest.java:102)
]]></failure>
  </testcase>
  <testcase name="testHashCode" classname="it.unicam.cs.asdl1920.mp3.LCSSolverTest" time="0.003">
    <failure message="expected: &lt;true&gt; but was: &lt;false&gt;" type="org.opentest4j.AssertionFailedError"><![CDATA[org.opentest4j.AssertionFailedError: expected: <true> but was: <false>
	at it.unicam.cs.asdl1920.mp3.LCSSolverTest.testHashCode(LCSSolverTest.java:24)
]]></failure>
  </testcase>
  <testcase name="testGetOneSolution1" classname="it.unicam.cs.asdl1920.mp3.LCSSolverTest" time="0.002">
    <error type="java.lang.NullPointerException">java.lang.NullPointerException
	at it.unicam.cs.asdl1920.mp3.LCSSolverTest.testGetOneSolution1(LCSSolverTest.java:89)
</error>
  </testcase>
  <testcase name="testGetOneSolution2" classname="it.unicam.cs.asdl1920.mp3.LCSSolverTest" time="0.007">
    <error type="java.lang.NullPointerException">java.lang.NullPointerException
	at it.unicam.cs.asdl1920.mp3.LCSSolverTest.testGetOneSolution2(LCSSolverTest.java:115)
</error>
  </testcase>
  <testcase name="testIsCommonSubsequence" classname="it.unicam.cs.asdl1920.mp3.LCSSolverTest" time="0.002">
    <failure message="Expected java.lang.NullPointerException to be thrown, but nothing was thrown." type="org.opentest4j.AssertionFailedError">org.opentest4j.AssertionFailedError: Expected java.lang.NullPointerException to be thrown, but nothing was thrown.
	at it.unicam.cs.asdl1920.mp3.LCSSolverTest.testIsCommonSubsequence(LCSSolverTest.java:127)
</failure>
  </testcase>
</testsuite>