<?xml version="1.0" encoding="UTF-8"?>
<testsuite xmlns:xsi="http://www.w3.org/2001/XMLSchema-instance" xsi:noNamespaceSchemaLocation="https://maven.apache.org/surefire/maven-surefire-plugin/xsd/surefire-test-report.xsd" name="it.unicam.cs.asdl1920.mp2.RBTreeTest" time="0.084" tests="21" errors="7" skipped="0" failures="14">
  <properties>
[...]
</properties>
  <testcase name="testGetBlackHeight" classname="it.unicam.cs.asdl1920.mp2.RBTreeTest" time="0.037">
    <failure message="expected: &lt;true&gt; but was: &lt;false&gt;" type="org.opentest4j.AssertionFailedError"><![CDATA[org.opentest4j.AssertionFailedError: expected: <true> but was: <false>
	at it.unicam.cs.asdl1920.mp2.RBTreeTest.testGetBlackHeight(RBTreeTest.java:120)
]]></failure>
  </testcase>
  <testcase name="testGetCount" classname="it.unicam.cs.asdl1920.mp2.RBTreeTest" time="0.002">
    <failure message="Expected java.lang.NullPointerException to be thrown, but nothing was thrown." type="org.opentest4j.AssertionFailedError">org.opentest4j.AssertionFailedError: Expected java.lang.NullPointerException to be thrown, but nothing was thrown.
	at it.unicam.cs.asdl1920.mp2.RBTreeTest.testGetCount(RBTreeTest.java:90)
</failure>
  </testcase>
  <testcase name="testBRTreeE" classname="it.unicam.cs.asdl1920.mp2.RBTreeTest" time="0.002">
    <failure message="Expected java.lang.NullPointerException to be thrown, but nothing was thrown." type="org.opentest4j.AssertionFailedError">org.opentest4j.AssertionFailedError: Expected java.lang.NullPointerException to be thrown, but nothing was thrown.
	at it.unicam.cs.asdl1920.mp2.RBTreeTest.testBRTreeE(RBTreeTest.java:39)
</failure>
  </testcase>
  <testcase name="testGetRoot" classname="it.unicam.cs.asdl1920.mp2.RBTreeTest" time="0.001">
    <failure message="expected: &lt;true&gt; but was: &lt;false&gt;" type="org.opentest4j.AssertionFailedError"><![CDATA[org.opentest4j.AssertionFailedError: expected: <true> but was: <false>
	at it.unicam.cs.asdl1920.mp2.RBTreeTest.testGetRoot(RBTreeTest.java:251)
]]></failure>
  </testcase>
  <testcase name="testGetSize" classname="it.unicam.cs.asdl1920.mp2.RBTreeTest" time="0.001">
    <failure message="expected: &lt;true&gt; but was: &lt;false&gt;" type="org.opentest4j.AssertionFailedError"><![CDATA[org.opentest4j.AssertionFailedError: expected: <true> but was: <false>
	at it.unicam.cs.asdl1920.mp2.RBTreeTest.testGetSize(RBTreeTest.java:271)
]]></failure>
  </testcase>
  <testcase name="testInOrderVisit" classname="it.unicam.cs.asdl1920.mp2.RBTreeTest" time="0.003">
    <failure message="expected: &lt;[]&gt; but was: &lt;null&gt;" type="org.opentest4j.AssertionFailedError"><![CDATA[org.opentest4j.AssertionFailedError: expected: <[]> but was: <null>
	at it.unicam.cs.asdl1920.mp2.RBTreeTest.testInOrderVisit(RBTreeTest.java:322)
]]></failure>
  </testcase>
  <testcase name="testContains" classname="it.unicam.cs.asdl1920.mp2.RBTreeTest" time="0.002">
    <failure message="Expected java.lang.NullPointerException to be thrown, but nothing was thrown." type="org.opentest4j.AssertionFailedError">org.opentest4j.AssertionFailedError: Expected java.lang.NullPointerException to be thrown, but nothing was thrown.
	at it.unicam.cs.asdl1920.mp2.RBTreeTest.testContains(RBTreeTest.java:62)
</failure>
  </testcase>
  <testcase name="testGetPredecessor" classname="it.unicam.cs.asdl1920.mp2.RBTreeTest" time="0.002">
    <failure message="Expected java.lang.NullPointerException to be thrown, but nothing was thrown." type="org.opentest4j.AssertionFailedError">org.opentest4j.AssertionFailedError: Expected java.lang.NullPointerException to be thrown, but nothing was thrown.
	at it.unicam.cs.asdl1920.mp2.RBTreeTest.testGetPredecessor(RBTreeTest.java:234)
</failure>
  </testcase>
  <testcase name="testRemove1" classname="it.unicam.cs.asdl1920.mp2.RBTreeTest" time="0.002">
    <failure message="expected: &lt;3&gt; but was: &lt;-1&gt;" type="org.opentest4j.AssertionFailedError"><![CDATA[org.opentest4j.AssertionFailedError: expected: <3> but was: <-1>
	at it.unicam.cs.asdl1920.mp2.RBTreeTest.testRemove1(RBTreeTest.java:753)
]]></failure>
  </testcase>
  <testcase name="testRemove2" classname="it.unicam.cs.asdl1920.mp2.RBTreeTest" time="0.003">
    <error type="java.lang.NullPointerException">java.lang.NullPointerException
	at it.unicam.cs.asdl1920.mp2.RBTreeTest.testRemove2(RBTreeTest.java:869)
</error>
  </testcase>
  <testcase name="testRemove3" classname="it.unicam.cs.asdl1920.mp2.RBTreeTest" time="0.001">
    <error type="java.lang.NullPointerException">java.lang.NullPointerException
	at it.unicam.cs.asdl1920.mp2.RBTreeTest.testRemove3(RBTreeTest.java:1016)
</error>
  </testcase>
  <testcase name="testGetNumberOfNodes" classname="it.unicam.cs.asdl1920.mp2.RBTreeTest" time="0">
    <failure message="expected: &lt;true&gt; but was: &lt;false&gt;" type="org.opentest4j.AssertionFailedError"><![CDATA[org.opentest4j.AssertionFailedError: expected: <true> but was: <false>
	at it.unicam.cs.asdl1920.mp2.RBTreeTest.testGetNumberOfNodes(RBTreeTest.java:203)
]]></failure>
  </testcase>
  <testcase name="testGetMaximum" classname="it.unicam.cs.asdl1920.mp2.RBTreeTest" time="0.001">
    <error type="java.lang.NullPointerException">java.lang.NullPointerException
	at it.unicam.cs.asdl1920.mp2.RBTreeTest.testGetMaximum(RBTreeTest.java:162)
</error>
  </testcase>
  <testcase name="testBRTree" classname="it.unicam.cs.asdl1920.mp2.RBTreeTest" time="0.002">
    <failure message="expected: &lt;true&gt; but was: &lt;false&gt;" type="org.opentest4j.AssertionFailedError"><![CDATA[org.opentest4j.AssertionFailedError: expected: <true> but was: <false>
	at it.unicam.cs.asdl1920.mp2.RBTreeTest.testBRTree(RBTreeTest.java:28)
]]></failure>
  </testcase>
  <testcase name="testGetNodeOf" classname="it.unicam.cs.asdl1920.mp2.RBTreeTest" time="0.002">
    <failure message="Expected java.lang.NullPointerException to be thrown, but nothing was thrown." type="org.opentest4j.AssertionFailedError">org.opentest4j.AssertionFailedError: Expected java.lang.NullPointerException to be thrown, but nothing was thrown.
	at it.unicam.cs.asdl1920.mp2.RBTreeTest.testGetNodeOf(RBTreeTest.java:180)
</failure>
  </testcase>
  <testcase name="testGetMinimum" classname="it.unicam.cs.asdl1920.mp2.RBTreeTest" time="0.001">
    <error type="java.lang.NullPointerException">java.lang.NullPointerException
	at it.unicam.cs.asdl1920.mp2.RBTreeTest.testGetMinimum(RBTreeTest.java:142)
</error>
  </testcase>
  <testcase name="testInsert1" classname="it.unicam.cs.asdl1920.mp2.RBTreeTest" time="0">
    <error type="java.lang.NullPointerException">java.lang.NullPointerException
	at it.unicam.cs.asdl1920.mp2.RBTreeTest.testInsert1(RBTreeTest.java:379)
</error>
  </testcase>
  <testcase name="testInsert2" classname="it.unicam.cs.asdl1920.mp2.RBTreeTest" time="0.001">
    <error type="java.lang.NullPointerException">java.lang.NullPointerException
	at it.unicam.cs.asdl1920.mp2.RBTreeTest.testInsert2(RBTreeTest.java:494)
</error>
  </testcase>
  <testcase name="testInsert3" classname="it.unicam.cs.asdl1920.mp2.RBTreeTest" time="0.001">
    <error type="java.lang.NullPointerException">java.lang.NullPointerException
	at it.unicam.cs.asdl1920.mp2.RBTreeTest.testInsert3(RBTreeTest.java:676)
</error>
  </testcase>
  <testcase name="testIsEmpty" classname="it.unicam.cs.asdl1920.mp2.RBTreeTest" time="0.001">
    <failure message="expected: &lt;true&gt; but was: &lt;false&gt;" type="org.opentest4j.AssertionFailedError"><![CDATA[org.opentest4j.AssertionFailedError: expected: <true> but was: <false>
	at it.unicam.cs.asdl1920.mp2.RBTreeTest.testIsEmpty(RBTreeTest.java:357)
]]></failure>
  </testcase>
  <testcase name="testGetSuccessor" classname="it.unicam.cs.asdl1920.mp2.RBTreeTest" time="0.001">
    <failure message="Expected java.lang.NullPointerException to be thrown, but nothing was thrown." type="org.opentest4j.AssertionFailedError">org.opentest4j.AssertionFailedError: Expected java.lang.NullPointerException to be thrown, but nothing was thrown.
	at it.unicam.cs.asdl1920.mp2.RBTreeTest.testGetSuccessor(RBTreeTest.java:303)
</failure>
  </testcase>
</testsuite>