<?xml version="1.0" encoding="UTF-8"?>
<testsuite xmlns:xsi="http://www.w3.org/2001/XMLSchema-instance" xsi:noNamespaceSchemaLocation="https://maven.apache.org/surefire/maven-surefire-plugin/xsd/surefire-test-report.xsd" name="it.unicam.cs.asdl1920.mp1.TimeSlotTest" time="0.079" tests="8" errors="0" skipped="0" failures="8">
  <properties>
[...]
</properties>
  <testcase name="testGetStart" classname="it.unicam.cs.asdl1920.mp1.TimeSlotTest" time="0.012">
    <failure message="expected: &lt;java.util.GregorianCalendar[time=?,areFieldsSet=false,areAllFieldsSet=false,lenient=true,zone=sun.util.calendar.ZoneInfo[id=&quot;Europe/Rome&quot;,offset=3600000,dstSavings=3600000,useDaylight=true,transitions=169,lastRule=java.util.SimpleTimeZone[id=Europe/Rome,offset=3600000,dstSavings=3600000,useDaylight=true,startYear=0,startMode=2,startMonth=2,startDay=-1,startDayOfWeek=1,startTime=3600000,startTimeMode=2,endMode=2,endMonth=9,endDay=-1,endDayOfWeek=1,endTime=3600000,endTimeMode=2]],firstDayOfWeek=2,minimalDaysInFirstWeek=4,ERA=?,YEAR=2019,MONTH=10,WEEK_OF_YEAR=?,WEEK_OF_MONTH=?,DAY_OF_MONTH=4,DAY_OF_YEAR=?,DAY_OF_WEEK=?,DAY_OF_WEEK_IN_MONTH=?,AM_PM=0,HOUR=11,HOUR_OF_DAY=11,MINUTE=0,SECOND=0,MILLISECOND=?,ZONE_OFFSET=?,DST_OFFSET=?]&gt; but was: &lt;null&gt;" type="org.opentest4j.AssertionFailedError"><![CDATA[org.opentest4j.AssertionFailedError: expected: <java.util.GregorianCalendar[time=?,areFieldsSet=false,areAllFieldsSet=false,lenient=true,zone=sun.util.calendar.ZoneInfo[id="Europe/Rome",offset=3600000,dstSavings=3600000,useDaylight=true,transitions=169,lastRule=java.util.SimpleTimeZone[id=Europe/Rome,offset=3600000,dstSavings=3600000,useDaylight=true,startYear=0,startMode=2,startMonth=2,startDay=-1,startDayOfWeek=1,startTime=3600000,startTimeMode=2,endMode=2,endMonth=9,endDay=-1,endDayOfWeek=1,endTime=3600000,endTimeMode=2]],firstDayOfWeek=2,minimalDaysInFirstWeek=4,ERA=?,YEAR=2019,MONTH=10,WEEK_OF_YEAR=?,WEEK_OF_MONTH=?,DAY_OF_MONTH=4,DAY_OF_YEAR=?,DAY_OF_WEEK=?,DAY_OF_WEEK_IN_MONTH=?,AM_PM=0,HOUR=11,HOUR_OF_DAY=11,MINUTE=0,SECOND=0,MILLISECOND=?,ZONE_OFFSET=?,DST_OFFSET=?]> but was: <null>
	at it.unicam.cs.asdl1920.mp1.TimeSlotTest.testGetStart(TimeSlotTest.java:65)
]]></failure>
  </testcase>
  <testcase name="testTimeSlot" classname="it.unicam.cs.asdl1920.mp1.TimeSlotTest" time="0.017">
    <failure message="Expected java.lang.NullPointerException to be thrown, but nothing was thrown." type="org.opentest4j.AssertionFailedError">org.opentest4j.AssertionFailedError: Expected java.lang.NullPointerException to be thrown, but nothing was thrown.
	at it.unicam.cs.asdl1920.mp1.TimeSlotTest.testTimeSlot(TimeSlotTest.java:42)
</failure>
  </testcase>
  <testcase name="testToString" classname="it.unicam.cs.asdl1920.mp1.TimeSlotTest" time="0.001">
    <failure message="expected: &lt;[4/11/2019 11.0 - 4/11/2019 13.0]&gt; but was: &lt;null&gt;" type="org.opentest4j.AssertionFailedError"><![CDATA[org.opentest4j.AssertionFailedError: expected: <[4/11/2019 11.0 - 4/11/2019 13.0]> but was: <null>
	at it.unicam.cs.asdl1920.mp1.TimeSlotTest.testToString(TimeSlotTest.java:214)
]]></failure>
  </testcase>
  <testcase name="testCompareTo" classname="it.unicam.cs.asdl1920.mp1.TimeSlotTest" time="0.021">
    <failure message="expected: &lt;true&gt; but was: &lt;false&gt;" type="org.opentest4j.AssertionFailedError"><![CDATA[org.opentest4j.AssertionFailedError: expected: <true> but was: <false>
	at it.unicam.cs.asdl1920.mp1.TimeSlotTest.testCompareTo(TimeSlotTest.java:116)
]]></failure>
  </testcase>
  <testcase name="testGetStop" classname="it.unicam.cs.asdl1920.mp1.TimeSlotTest" time="0.005">
    <failure message="expected: &lt;java.util.GregorianCalendar[time=?,areFieldsSet=false,areAllFieldsSet=false,lenient=true,zone=sun.util.calendar.ZoneInfo[id=&quot;Europe/Rome&quot;,offset=3600000,dstSavings=3600000,useDaylight=true,transitions=169,lastRule=java.util.SimpleTimeZone[id=Europe/Rome,offset=3600000,dstSavings=3600000,useDaylight=true,startYear=0,startMode=2,startMonth=2,startDay=-1,startDayOfWeek=1,startTime=3600000,startTimeMode=2,endMode=2,endMonth=9,endDay=-1,endDayOfWeek=1,endTime=3600000,endTimeMode=2]],firstDayOfWeek=2,minimalDaysInFirstWeek=4,ERA=?,YEAR=2019,MONTH=10,WEEK_OF_YEAR=?,WEEK_OF_MONTH=?,DAY_OF_MONTH=4,DAY_OF_YEAR=?,DAY_OF_WEEK=?,DAY_OF_WEEK_IN_MONTH=?,AM_PM=1,HOUR=1,HOUR_OF_DAY=13,MINUTE=0,SECOND=0,MILLISECOND=?,ZONE_OFFSET=?,DST_OFFSET=?]&gt; but was: &lt;null&gt;" type="org.opentest4j.AssertionFailedError"><![CDATA[org.opentest4j.AssertionFailedError: expected: <java.util.GregorianCalendar[time=?,areFieldsSet=false,areAllFieldsSet=false,lenient=true,zone=sun.util.calendar.ZoneInfo[id="Europe/Rome",offset=3600000,dstSavings=3600000,useDaylight=true,transitions=169,lastRule=java.util.SimpleTimeZone[id=Europe/Rome,offset=3600000,dstSavings=3600000,useDaylight=true,startYear=0,startMode=2,startMonth=2,startDay=-1,startDayOfWeek=1,startTime=3600000,startTimeMode=2,endMode=2,endMonth=9,endDay=-1,endDayOfWeek=1,endTime=3600000,endTimeMode=2]],firstDayOfWeek=2,minimalDaysInFirstWeek=4,ERA=?,YEAR=2019,MONTH=10,WEEK_OF_YEAR=?,WEEK_OF_MONTH=?,DAY_OF_MONTH=4,DAY_OF_YEAR=?,DAY_OF_WEEK=?,DAY_OF_WEEK_IN_MONTH=?,AM_PM=1,HOUR=1,HOUR_OF_DAY=13,MINUTE=0,SECOND=0,MILLISECOND=?,ZONE_OFFSET=?,DST_OFFSET=?]> but was: <null>
	at it.unicam.cs.asdl1920.mp1.TimeSlotTest.testGetStop(TimeSlotTest.java:76)
]]></failure>
  </testcase>
  <testcase name="testEqualsObject" classname="it.unicam.cs.asdl1920.mp1.TimeSlotTest" time="0.003">
    <failure message="expected: &lt;true&gt; but was: &lt;false&gt;" type="org.opentest4j.AssertionFailedError"><![CDATA[org.opentest4j.AssertionFailedError: expected: <true> but was: <false>
	at it.unicam.cs.asdl1920.mp1.TimeSlotTest.testEqualsObject(TimeSlotTest.java:91)
]]></failure>
  </testcase>
  <testcase name="testHashCode" classname="it.unicam.cs.asdl1920.mp1.TimeSlotTest" time="0.002">
    <failure message="expected: &lt;true&gt; but was: &lt;false&gt;" type="org.opentest4j.AssertionFailedError"><![CDATA[org.opentest4j.AssertionFailedError: expected: <true> but was: <false>
	at it.unicam.cs.asdl1920.mp1.TimeSlotTest.testHashCode(TimeSlotTest.java:31)
]]></failure>
  </testcase>
  <testcase name="testOverlapsWith" classname="it.unicam.cs.asdl1920.mp1.TimeSlotTest" time="0.002">
    <failure message="expected: &lt;true&gt; but was: &lt;false&gt;" type="org.opentest4j.AssertionFailedError"><![CDATA[org.opentest4j.AssertionFailedError: expected: <true> but was: <false>
	at it.unicam.cs.asdl1920.mp1.TimeSlotTest.testOverlapsWith(TimeSlotTest.java:164)
]]></failure>
  </testcase>
</testsuite>