<?xml version="1.0" encoding="UTF-8"?>
<testsuite xmlns:xsi="http://www.w3.org/2001/XMLSchema-instance" xsi:noNamespaceSchemaLocation="https://maven.apache.org/surefire/maven-surefire-plugin/xsd/surefire-test-report.xsd" name="it.unicam.cs.asdl1920.mp1.AulaTest" time="0.095" tests="15" errors="0" skipped="0" failures="14">
  <properties>
[...]
</properties>
  <testcase name="testRemovePrenotazione" classname="it.unicam.cs.asdl1920.mp1.AulaTest" time="0.004">
    <failure message="Expected java.lang.NullPointerException to be thrown, but nothing was thrown." type="org.opentest4j.AssertionFailedError">org.opentest4j.AssertionFailedError: Expected java.lang.NullPointerException to be thrown, but nothing was thrown.
	at it.unicam.cs.asdl1920.mp1.AulaTest.testRemovePrenotazione(AulaTest.java:408)
</failure>
  </testcase>
  <testcase name="testAddFacility" classname="it.unicam.cs.asdl1920.mp1.AulaTest" time="0.003">
    <failure message="expected: &lt;[Facility [codice=null, descrizione=null], Facility [codice=null, descrizione=null]]&gt; but was: &lt;null&gt;" type="org.opentest4j.AssertionFailedError">org.opentest4j.AssertionFailedError: expected: &lt;[Facility [codice=null, descrizione=null], Facility [codice=null, descrizione=null]]&gt; but was: &lt;null&gt;	at it.unicam.cs.asdl1920.mp1.AulaTest.testAddFacility(AulaTest.java:256)</failure>
  </testcase>
  <testcase name="testGetLocation" classname="it.unicam.cs.asdl1920.mp1.AulaTest" time="0.004">
    <failure message="expected: &lt;Polo Lodovici Piano Terra&gt; but was: &lt;null&gt;" type="org.opentest4j.AssertionFailedError"><![CDATA[org.opentest4j.AssertionFailedError: expected: <Polo Lodovici Piano Terra> but was: <null>
	at it.unicam.cs.asdl1920.mp1.AulaTest.testGetLocation(AulaTest.java:206)
]]></failure>
  </testcase>
  <testcase name="testGetPrenotazioni" classname="it.unicam.cs.asdl1920.mp1.AulaTest" time="0.011">
    <failure message="expected: &lt;[]&gt; but was: &lt;null&gt;" type="org.opentest4j.AssertionFailedError"><![CDATA[org.opentest4j.AssertionFailedError: expected: <[]> but was: <null>
	at it.unicam.cs.asdl1920.mp1.AulaTest.testGetPrenotazioni(AulaTest.java:216)
]]></failure>
  </testcase>
  <testcase name="testCompareTo" classname="it.unicam.cs.asdl1920.mp1.AulaTest" time="0.001">
    <failure message="expected: &lt;true&gt; but was: &lt;false&gt;" type="org.opentest4j.AssertionFailedError"><![CDATA[org.opentest4j.AssertionFailedError: expected: <true> but was: <false>
	at it.unicam.cs.asdl1920.mp1.AulaTest.testCompareTo(AulaTest.java:155)
]]></failure>
  </testcase>
  <testcase name="testAulaStringStringSetOfFacility" classname="it.unicam.cs.asdl1920.mp1.AulaTest" time="0.014">
    <failure message="Expected java.lang.NullPointerException to be thrown, but nothing was thrown." type="org.opentest4j.AssertionFailedError">org.opentest4j.AssertionFailedError: Expected java.lang.NullPointerException to be thrown, but nothing was thrown.
	at it.unicam.cs.asdl1920.mp1.AulaTest.testAulaStringStringSetOfFacility(AulaTest.java:92)
</failure>
  </testcase>
  <testcase name="testAddPrenotazione" classname="it.unicam.cs.asdl1920.mp1.AulaTest" time="0.007">
    <failure message="Expected java.lang.NullPointerException to be thrown, but nothing was thrown." type="org.opentest4j.AssertionFailedError">org.opentest4j.AssertionFailedError: Expected java.lang.NullPointerException to be thrown, but nothing was thrown.
	at it.unicam.cs.asdl1920.mp1.AulaTest.testAddPrenotazione(AulaTest.java:374)
</failure>
  </testcase>
  <testcase name="testGetNome" classname="it.unicam.cs.asdl1920.mp1.AulaTest" time="0.001">
    <failure message="expected: &lt;LA1&gt; but was: &lt;null&gt;" type="org.opentest4j.AssertionFailedError"><![CDATA[org.opentest4j.AssertionFailedError: expected: <LA1> but was: <null>
	at it.unicam.cs.asdl1920.mp1.AulaTest.testGetNome(AulaTest.java:197)
]]></failure>
  </testcase>
  <testcase name="testEqualsObject" classname="it.unicam.cs.asdl1920.mp1.AulaTest" time="0.009">
    <failure message="expected: &lt;true&gt; but was: &lt;false&gt;" type="org.opentest4j.AssertionFailedError"><![CDATA[org.opentest4j.AssertionFailedError: expected: <true> but was: <false>
	at it.unicam.cs.asdl1920.mp1.AulaTest.testEqualsObject(AulaTest.java:134)
]]></failure>
  </testcase>
  <testcase name="testAulaStringString" classname="it.unicam.cs.asdl1920.mp1.AulaTest" time="0.002">
    <failure message="Expected java.lang.NullPointerException to be thrown, but nothing was thrown." type="org.opentest4j.AssertionFailedError">org.opentest4j.AssertionFailedError: Expected java.lang.NullPointerException to be thrown, but nothing was thrown.
	at it.unicam.cs.asdl1920.mp1.AulaTest.testAulaStringString(AulaTest.java:57)
</failure>
  </testcase>
  <testcase name="testHashCode" classname="it.unicam.cs.asdl1920.mp1.AulaTest" time="0.001"/>
  <testcase name="testRemovePrenotazioniBefore" classname="it.unicam.cs.asdl1920.mp1.AulaTest" time="0.002">
    <failure message="Expected java.lang.NullPointerException to be thrown, but nothing was thrown." type="org.opentest4j.AssertionFailedError">org.opentest4j.AssertionFailedError: Expected java.lang.NullPointerException to be thrown, but nothing was thrown.
	at it.unicam.cs.asdl1920.mp1.AulaTest.testRemovePrenotazioniBefore(AulaTest.java:440)
</failure>
  </testcase>
  <testcase name="testSatisfiesFacilities" classname="it.unicam.cs.asdl1920.mp1.AulaTest" time="0.003">
    <failure message="Expected java.lang.NullPointerException to be thrown, but nothing was thrown." type="org.opentest4j.AssertionFailedError">org.opentest4j.AssertionFailedError: Expected java.lang.NullPointerException to be thrown, but nothing was thrown.
	at it.unicam.cs.asdl1920.mp1.AulaTest.testSatisfiesFacilities(AulaTest.java:332)
</failure>
  </testcase>
  <testcase name="testIsFree" classname="it.unicam.cs.asdl1920.mp1.AulaTest" time="0.001">
    <failure message="Expected java.lang.NullPointerException to be thrown, but nothing was thrown." type="org.opentest4j.AssertionFailedError">org.opentest4j.AssertionFailedError: Expected java.lang.NullPointerException to be thrown, but nothing was thrown.
	at it.unicam.cs.asdl1920.mp1.AulaTest.testIsFree(AulaTest.java:270)
</failure>
  </testcase>
  <testcase name="testGetFacilities" classname="it.unicam.cs.asdl1920.mp1.AulaTest" time="0.001">
    <failure message="expected: &lt;[Facility [codice=null, descrizione=null], Facility [codice=null, descrizione=null], Facility [codice=null, descrizione=null]]&gt; but was: &lt;null&gt;" type="org.opentest4j.AssertionFailedError">org.opentest4j.AssertionFailedError: expected: &lt;[Facility [codice=null, descrizione=null], Facility [codice=null, descrizione=null], Facility [codice=null, descrizione=null]]&gt; but was: &lt;null&gt;	at it.unicam.cs.asdl1920.mp1.AulaTest.testGetFacilities(AulaTest.java:188)</failure>
  </testcase>
</testsuite>